<?xml version="1.0" encoding="UTF-8"?>
<beans xmlns="http://www.springframework.org/schema/beans"
       xmlns:xsi="http://www.w3.org/2001/XMLSchema-instance"
       xmlns:mvc="http://www.springframework.org/schema/mvc"
       xmlns:jdbc="http://www.springframework.org/schema/jdbc"
       xmlns:context="http://www.springframework.org/schema/context"
       xsi:schemaLocation="http://www.springframework.org/schema/beans
        http://www.springframework.org/schema/beans/spring-beans.xsd
        http://www.springframework.org/schema/mvc
        http://www.springframework.org/schema/mvc/spring-mvc.xsd
        http://www.springframework.org/schema/context
        http://www.springframework.org/schema/context/spring-context.xsd
        http://www.springframework.org/schema/jdbc
        http://www.springframework.org/schema/jdbc/spring-jdbc-3.0.xsd">

    <context:annotation-config/>
    <mvc:annotation-driven/>


    <bean id="dataSource" class="org.springframework.jdbc.datasource.DriverManagerDataSource">
        <property name="driverClassName" value="org.h2.Driver"/>
        <property name="username" value="sa"/>
        <property name="url" value="jdbc:h2:~/test"/>
    </bean>

    <bean id="dogController" class="com.company.controller.DogController">
        <constructor-arg ref="dogDao"/>
    </bean>

    <bean id="dogDao" class="com.company.dao.impl.DogDaoJdbcImpl">
        <constructor-arg ref="dataSource"/>
    </bean>

    <jdbc:initialize-database data-source="dataSource" ignore-failures="DROPS">
        <jdbc:script location="classpath:sql/schema.sql"/>
    </jdbc:initialize-database>
    <bean id="controllerExceptionHandler " class="com.company.controller.ControllerExceptionHandler"/>

    <!--<beans profile="h2-prepared">-->
    <!--<bean id="dogDao" class="com.company.dao.impl.DogDaoJdbcPreparedStatementImpl">-->
    <!--<constructor-arg>-->
    <!--<jdbc:embedded-database type="H2" database-name="dog_db">-->
    <!--<jdbc:script location="classpath:db/schema.sql"/>-->
    <!--<jdbc:script location="classpath:db/data.sql"/>-->
    <!--</jdbc:embedded-database>-->
    <!--</constructor-arg>-->
    <!--</bean>-->
    <!--</beans>-->

    <!--<beans profile="h2">-->
    <!--<bean id="dogDao" class="com.company.dao.impl.DogDaoJdbcImpl">-->
    <!--<constructor-arg ref="dataSource"/>-->
    <!--<jdbc:initialize-database data-source="dataSource" ignore-failures="DROPS">-->
    <!--<jdbc:script location="classpath:sql/schema.sql"/>-->
    <!--</jdbc:initialize-database>-->
    <!--</bean>-->
    <!--</beans>-->

    <!--<beans profile="default">-->
        <!--<bean id="dogDao" class="com.company.dao.impl.DogDaoInMemoryImpl"/>-->
    <!--</beans>-->

</beans>